app/build/outputs/mapping/release/seeds.txt
com.dohsox.employee.twa.Application
com.dohsox.employee.twa.DelegationService
com.dohsox.employee.twa.LauncherActivity
com.dohsox.employee.twa.DelegationService: DelegationService()
com.dohsox.employee.twa.LauncherActivity: LauncherActivity()
com.dohsox.employee.twa.Application: Application()
...
androidx.core.graphics.drawable.IconCompat$Api28Impl: android.net.Uri getUri(java.lang.Object)
com.google.androidbrowserhelper.trusted.ManageDataLauncherActivity: ManageDataLauncherActivity()
androidx.core.app.NotificationManagerCompat$Api26Impl: android.app.NotificationChannel getNotificationChannel(android.app.NotificationManager,java.lang.String)
androidx.profileinstaller.ProfileInstallerInitializer: ProfileInstallerInitializer()
androidx.profileinstaller.ProfileVerifier$Api33Impl: android.content.pm.PackageInfo getPackageInfo(android.content.pm.PackageManager,android.content.Context)
androidx.profileinstaller.ProfileInstallReceiver: ProfileInstallReceiver()
androidx.core.app.NotificationManagerCompat$Api26Impl: void deleteNotificationChannelGroup(android.app.NotificationManager,java.lang.String)
androidx.core.content.ContextCompat$Api21Impl: java.io.File getCodeCacheDir(android.content.Context)
androidx.core.content.ContextCompat$Api23Impl: int getColor(android.content.Context,int)
androidx.core.app.RemoteActionCompatParcelizer: void write(androidx.core.app.RemoteActionCompat,androidx.versionedparcelable.VersionedParcel)
androidx.core.app.RemoteActionCompatParcelizer: RemoteActionCompatParcelizer()
androidx.core.graphics.drawable.IconCompat$Api28Impl: int getType(java.lang.Object)
androidx.core.app.RemoteActionCompatParcelizer: androidx.core.app.RemoteActionCompat read(androidx.versionedparcelable.VersionedParcel)
androidx.core.graphics.drawable.IconCompat$Api26Impl: android.graphics.drawable.Icon createWithAdaptiveBitmap(android.graphics.Bitmap)
androidx.core.app.NotificationManagerCompat$Api26Impl: void createNotificationChannels(android.app.NotificationManager,java.util.List)
androidx.core.app.NotificationManagerCompat$Api26Impl: void createNotificationChannelGroups(android.app.NotificationManager,java.util.List)
androidx.core.app.ActivityCompat$Api23Impl: void requestPermissions(android.app.Activity,java.lang.String[],int)
androidx.core.graphics.drawable.IconCompat$Api23Impl: android.net.Uri getUri(java.lang.Object)
android.support.v4.graphics.drawable.IconCompatParcelizer: androidx.core.graphics.drawable.IconCompat read(androidx.versionedparcelable.VersionedParcel)
android.support.v4.app.RemoteActionCompatParcelizer: void write(androidx.core.app.RemoteActionCompat,androidx.versionedparcelable.VersionedParcel)
androidx.core.app.NotificationManagerCompat$Api26Impl: java.util.List getNotificationChannels(android.app.NotificationManager)
androidx.core.app.NotificationManagerCompat$Api26Impl: void deleteNotificationChannel(android.app.NotificationManager,java.lang.String)
android.support.v4.app.RemoteActionCompatParcelizer: RemoteActionCompatParcelizer()
android.support.v4.app.RemoteActionCompatParcelizer: androidx.core.app.RemoteActionCompat read(androidx.versionedparcelable.VersionedParcel)
com.google.androidbrowserhelper.trusted.FocusActivity: FocusActivity()
androidx.core.graphics.drawable.IconCompat$Api23Impl: android.graphics.drawable.Icon toIcon(androidx.core.graphics.drawable.IconCompat,android.content.Context)
androidx.core.graphics.drawable.IconCompat: IconCompat()
androidx.profileinstaller.ProfileInstallerInitializer$Handler28Impl: android.os.Handler createAsync(android.os.Looper)
androidx.core.content.ContextCompat$Api21Impl: android.graphics.drawable.Drawable getDrawable(android.content.Context,int)
androidx.core.app.ActivityCompat$Api23Impl: void onSharedElementsReady(java.lang.Object)
androidx.core.app.NotificationManagerCompat$Api26Impl: java.util.List getNotificationChannelGroups(android.app.NotificationManager)
androidx.profileinstaller.FileSectionType: androidx.profileinstaller.FileSectionType valueOf(java.lang.String)
com.google.androidbrowserhelper.trusted.WebViewFallbackActivity: WebViewFallbackActivity()
androidx.core.app.NotificationManagerCompat$Api26Impl: void createNotificationChannelGroup(android.app.NotificationManager,android.app.NotificationChannelGroup)