app/build/outputs/mapping/release/mapping.txt
# compiler: R8
# compiler_version: 8.9.32
# min_api: 21
# common_typos_disable
# {"id":"com.android.tools.r8.mapping","version":"2.2"}
# pg_map_id: a4ab9c2
# pg_map_hash: SHA-256 a4ab9c25689f276a28b294cd8e6e2ebb9405d35d68a8adb9ef3701c9a2b6b841
com.dohsox.employee.twa.Application -> com.dohsox.employee.twa.Application:
# {"id":"sourceFile","fileName":"Application.java"}
    1:4:void <init>():20:20 -> <init>
    1:4:void onCreate():26:26 -> onCreate
com.dohsox.employee.twa.DelegationService -> com.dohsox.employee.twa.DelegationService:
# {"id":"sourceFile","fileName":"DelegationService.java"}
    1:4:void <init>():5:5 -> <init>
    1:4:void onCreate():9:9 -> onCreate
com.dohsox.employee.twa.LauncherActivity -> com.dohsox.employee.twa.LauncherActivity:
# {"id":"sourceFile","fileName":"LauncherActivity.java"}
    1:4:void <init>():25:25 -> <init>
    1:5:android.net.Uri getLaunchingUrl():48:48 -> h
    1:3:void onCreate(android.os.Bundle):33:33 -> onCreate
    4:10:void onCreate(android.os.Bundle):38:38 -> onCreate
    11:14:void onCreate(android.os.Bundle):39:39 -> onCreate
    15:18:void onCreate(android.os.Bundle):41:41 -> onCreate
...
com.google.androidbrowserhelper.trusted.ManageDataLauncherActivity$$ExternalSyntheticApiModelOutline4 -> o.p:
# {"id":"sourceFile","fileName":"R8$$SyntheticClass"}
# {"id":"com.android.tools.r8.synthesized"}
    1:1:boolean o.ManageDataLauncherActivity$$ExternalSyntheticApiModelOutline4.m(android.content.pm.ShortcutManager,java.util.List):0:0 -> a
      # {"id":"com.android.tools.r8.synthesized"}
com.google.androidbrowserhelper.trusted.ManageDataLauncherActivity$$ExternalSyntheticApiModelOutline5 -> o.q:
# {"id":"sourceFile","fileName":"R8$$SyntheticClass"}
# {"id":"com.android.tools.r8.synthesized"}
    1:1:android.content.pm.ShortcutInfo$Builder o.ManageDataLauncherActivity$$ExternalSyntheticApiModelOutline5.m(android.content.pm.ShortcutInfo$Builder,java.lang.CharSequence):0:0 -> a
      # {"id":"com.android.tools.r8.synthesized"}
com.google.androidbrowserhelper.trusted.ManageDataLauncherActivity$$ExternalSyntheticApiModelOutline6 -> o.r:
# {"id":"sourceFile","fileName":"R8$$SyntheticClass"}
# {"id":"com.android.tools.r8.synthesized"}
    1:1:android.content.pm.ShortcutInfo$Builder o.ManageDataLauncherActivity$$ExternalSyntheticApiModelOutline6.m(android.content.pm.ShortcutInfo$Builder,java.lang.CharSequence):0:0 -> a
      # {"id":"com.android.tools.r8.synthesized"}
com.google.androidbrowserhelper.trusted.ManageDataLauncherActivity$$ExternalSyntheticApiModelOutline7 -> o.s:
# {"id":"sourceFile","fileName":"R8$$SyntheticClass"}
# {"id":"com.android.tools.r8.synthesized"}
    1:1:android.graphics.drawable.Icon o.ManageDataLauncherActivity$$ExternalSyntheticApiModelOutline7.m(android.content.Context,int):0:0 -> a
      # {"id":"com.android.tools.r8.synthesized"}
com.google.androidbrowserhelper.trusted.ManageDataLauncherActivity$$ExternalSyntheticApiModelOutline8 -> o.t:
# {"id":"sourceFile","fileName":"R8$$SyntheticClass"}
# {"id":"com.android.tools.r8.synthesized"}
    1:1:android.content.pm.ShortcutInfo$Builder o.ManageDataLauncherActivity$$ExternalSyntheticApiModelOutline8.m(android.content.pm.ShortcutInfo$Builder,android.graphics.drawable.Icon):0:0 -> a
      # {"id":"com.android.tools.r8.synthesized"}
com.google.androidbrowserhelper.trusted.ManageDataLauncherActivity$$ExternalSyntheticApiModelOutline9 -> o.u:
# {"id":"sourceFile","fileName":"R8$$SyntheticClass"}
# {"id":"com.android.tools.r8.synthesized"}
    1:1:android.content.pm.ShortcutInfo$Builder o.ManageDataLauncherActivity$$ExternalSyntheticApiModelOutline9.m(android.content.pm.ShortcutInfo$Builder,android.content.Intent):0:0 -> a
      # {"id":"com.android.tools.r8.synthesized"}
com.google.androidbrowserhelper.trusted.ManageDataLauncherActivity$1 -> com.google.androidbrowserhelper.trusted.ManageDataLauncherActivity$a:
# {"id":"sourceFile","fileName":"ManageDataLauncherActivity.java"}
com.google.androidbrowserhelper.trusted.ManageDataLauncherActivity$Connection -> com.google.androidbrowserhelper.trusted.ManageDataLauncherActivity$b:
# {"id":"sourceFile","fileName":"ManageDataLauncherActivity.java"}
    com.google.androidbrowserhelper.trusted.ManageDataLauncherActivity this$0 -> b
    1:1:void <init>(com.google.androidbrowserhelper.trusted.ManageDataLauncherActivity):250:250 -> <init>
    2:2:void <init>(com.google.androidbrowserhelper.trusted.ManageDataLauncherActivity,com.google.androidbrowserhelper.trusted.ManageDataLauncherActivity$1):250:250 -> <init>
      # {"id":"com.android.tools.r8.residualsignature","signature":"(Lcom/google/androidbrowserhelper/trusted/ManageDataLauncherActivity;Lcom/google/androidbrowserhelper/trusted/ManageDataLauncherActivity$a;)V"}
    1:8:void onCustomTabsServiceConnected(android.content.ComponentName,androidx.browser.customtabs.CustomTabsClient):254:254 -> a
      # {"id":"com.android.tools.r8.residualsignature","signature":"(Landroid/content/ComponentName;Le/c;)V"}
    9:19:void onCustomTabsServiceConnected(android.content.ComponentName,androidx.browser.customtabs.CustomTabsClient):255:255 -> a