app/build/outputs/mapping/release/usage.txt
com.dohsox.employee.twa.R$bool
com.dohsox.employee.twa.R$color
com.dohsox.employee.twa.R$drawable
com.dohsox.employee.twa.R$integer
com.dohsox.employee.twa.R$mipmap
com.dohsox.employee.twa.R$raw
com.dohsox.employee.twa.R$string
com.dohsox.employee.twa.R$xml
com.dohsox.employee.twa.R
...
androidx.collection.PackingUtilsKt
androidx.collection.ScatterMap$MapWrapper$entries$1$iterator$1
androidx.collection.ScatterMap$MapWrapper$entries$1
androidx.collection.ScatterMap$MapWrapper$keys$1$iterator$1
androidx.collection.ScatterMap$MapWrapper$keys$1
androidx.collection.ScatterMap$MapWrapper$values$1$iterator$1
androidx.collection.ScatterMap$MapWrapper$values$1
androidx.collection.ScatterMap$MapWrapper
androidx.collection.ScatterMap
androidx.collection.ScatterMapKt
androidx.collection.ScatterSet$SetWrapper$iterator$1
androidx.collection.ScatterSet$SetWrapper
androidx.collection.ScatterSet$toString$1
androidx.collection.ScatterSet
androidx.collection.ScatterSetKt
androidx.collection.SimpleArrayMap:
    public void <init>(androidx.collection.SimpleArrayMap)
    private final java.lang.Object getOrDefaultInternal(java.lang.Object,java.lang.Object)
    public void putAll(androidx.collection.SimpleArrayMap)
androidx.collection.SimpleArrayMapKt
androidx.collection.SparseArrayCompat
androidx.collection.SparseArrayCompatKt
androidx.collection.SparseArrayKt$keyIterator$1
androidx.collection.SparseArrayKt$valueIterator$1
androidx.collection.SparseArrayKt
androidx.collection.internal.ContainerHelpersKt:
    public static final int binarySearch(long[],int,long)
    public static final int idealByteArraySize(int)
    public static final int idealIntArraySize(int)
    public static final int idealLongArraySize(int)
androidx.collection.internal.Lock
androidx.collection.internal.LockExtKt
androidx.collection.internal.LruHashMap
androidx.collection.internal.PackingHelpers_jvmKt
androidx.concurrent.futures.AbstractResolvableFuture$SetFuture:
    void <init>(androidx.concurrent.futures.AbstractResolvableFuture,com.google.common.util.concurrent.ListenableFuture)
    public void run()
androidx.concurrent.futures.AbstractResolvableFuture:
    private static final long SPIN_THRESHOLD_NANOS
    public final void addListener(java.lang.Runnable,java.util.concurrent.Executor)
    final void maybePropagateCancellationTo(java.util.concurrent.Future)
    protected boolean setException(java.lang.Throwable)
    protected boolean setFuture(com.google.common.util.concurrent.ListenableFuture)
    protected final boolean wasInterrupted()
androidx.concurrent.futures.CallbackToFutureAdapter$Completer
androidx.concurrent.futures.CallbackToFutureAdapter$FutureGarbageCollectedException
androidx.concurrent.futures.CallbackToFutureAdapter$Resolver
androidx.concurrent.futures.CallbackToFutureAdapter$SafeFuture$1
androidx.concurrent.futures.CallbackToFutureAdapter$SafeFuture
androidx.concurrent.futures.CallbackToFutureAdapter
androidx.concurrent.futures.DirectExecutor
androidx.concurrent.futures.ResolvableFuture:
    public boolean setException(java.lang.Throwable)
    public boolean setFuture(com.google.common.util.concurrent.ListenableFuture)
androidx.core.R$attr
androidx.core.R$color
androidx.core.R$dimen
androidx.core.R$drawable
androidx.core.R$id
androidx.core.R$integer
androidx.core.R$layout
androidx.core.R$string
androidx.core.R$style
androidx.core.R$styleable
androidx.core.R
androidx.core.accessibilityservice.AccessibilityServiceInfoCompat
androidx.core.animation.AnimatorKt$addListener$1
androidx.core.animation.AnimatorKt$addListener$2
androidx.core.animation.AnimatorKt$addListener$3
androidx.core.animation.AnimatorKt$addListener$4
androidx.core.animation.AnimatorKt$addListener$listener$1
androidx.core.animation.AnimatorKt$addPauseListener$1
androidx.core.animation.AnimatorKt$addPauseListener$2
androidx.core.animation.AnimatorKt$addPauseListener$listener$1
androidx.core.animation.AnimatorKt$doOnCancel$$inlined$addListener$default$1
androidx.core.animation.AnimatorKt$doOnEnd$$inlined$addListener$default$1
androidx.core.animation.AnimatorKt$doOnRepeat$$inlined$addListener$default$1
androidx.core.animation.AnimatorKt$doOnStart$$inlined$addListener$default$1
androidx.core.animation.AnimatorKt
androidx.core.app.ActivityCompat$Api21Impl